Info: Starting: Create block symbol file (.bsf)
Info: qsys-generate /media/soc/new/DE10-Standard-v.1.3.0-SystemCD/Demonstration/FPGA/Audio_Filter-NIOS/DE10_Standard_Audio_2/audio_nios.qsys --block-symbol-file --output-directory=/media/soc/new/DE10-Standard-v.1.3.0-SystemCD/Demonstration/FPGA/Audio_Filter-NIOS/DE10_Standard_Audio_2/audio_nios --family="Cyclone V" --part=5CSXFC6D6F31C6
Progress: Loading DE10_Standard_Audio_2/audio_nios.qsys
Progress: Reading input file
Progress: Adding clk_50 [clock_source 18.1]
Progress: Parameterizing module clk_50
Progress: Adding jtag_uart [altera_avalon_jtag_uart 18.1]
Progress: Parameterizing module jtag_uart
Progress: Adding nios2_gen2_0 [altera_nios2_gen2 18.1]
Progress: Parameterizing module nios2_gen2_0
Progress: Adding nios2_gen_0 [altera_nios2_gen2 18.1]
Progress: Parameterizing module nios2_gen_0
Progress: Adding onchip_memory2 [altera_avalon_onchip_memory2 18.1]
Progress: Parameterizing module onchip_memory2
Progress: Adding onchip_memory_0 [altera_avalon_onchip_memory2 18.1]
Progress: Parameterizing module onchip_memory_0
Progress: Building connections
Progress: Parameterizing connections
Progress: Validating
Progress: Done reading input file
Info: audio_nios.jtag_uart: JTAG UART IP input clock need to be at least double (2x) the operating frequency of JTAG TCK on board
Info: qsys-generate succeeded.
Info: Finished: Create block symbol file (.bsf)
Info: 
Info: Starting: Create HDL design files for synthesis
Info: qsys-generate /media/soc/new/DE10-Standard-v.1.3.0-SystemCD/Demonstration/FPGA/Audio_Filter-NIOS/DE10_Standard_Audio_2/audio_nios.qsys --synthesis=VERILOG --output-directory=/media/soc/new/DE10-Standard-v.1.3.0-SystemCD/Demonstration/FPGA/Audio_Filter-NIOS/DE10_Standard_Audio_2/audio_nios/synthesis --family="Cyclone V" --part=5CSXFC6D6F31C6
Progress: Loading DE10_Standard_Audio_2/audio_nios.qsys
Progress: Reading input file
Progress: Adding clk_50 [clock_source 18.1]
Progress: Parameterizing module clk_50
Progress: Adding jtag_uart [altera_avalon_jtag_uart 18.1]
Progress: Parameterizing module jtag_uart
Progress: Adding nios2_gen2_0 [altera_nios2_gen2 18.1]
Progress: Parameterizing module nios2_gen2_0
Progress: Adding nios2_gen_0 [altera_nios2_gen2 18.1]
Progress: Parameterizing module nios2_gen_0
Progress: Adding onchip_memory2 [altera_avalon_onchip_memory2 18.1]
Progress: Parameterizing module onchip_memory2
Progress: Adding onchip_memory_0 [altera_avalon_onchip_memory2 18.1]
Progress: Parameterizing module onchip_memory_0
Progress: Building connections
Progress: Parameterizing connections
Progress: Validating
Progress: Done reading input file
Info: audio_nios.jtag_uart: JTAG UART IP input clock need to be at least double (2x) the operating frequency of JTAG TCK on board
Info: audio_nios: Generating audio_nios "audio_nios" for QUARTUS_SYNTH
Info: jtag_uart: Starting RTL generation for module 'audio_nios_jtag_uart'
Info: jtag_uart:   Generation command is [exec /home/soc/intelFPGA_lite/18.1/quartus/linux64/perl/bin/perl -I /home/soc/intelFPGA_lite/18.1/quartus/linux64/perl/lib -I /home/soc/intelFPGA_lite/18.1/quartus/sopc_builder/bin/europa -I /home/soc/intelFPGA_lite/18.1/quartus/sopc_builder/bin/perl_lib -I /home/soc/intelFPGA_lite/18.1/quartus/sopc_builder/bin -I /home/soc/intelFPGA_lite/18.1/quartus/../ip/altera/sopc_builder_ip/common -I /home/soc/intelFPGA_lite/18.1/quartus/../ip/altera/sopc_builder_ip/altera_avalon_jtag_uart -- /home/soc/intelFPGA_lite/18.1/quartus/../ip/altera/sopc_builder_ip/altera_avalon_jtag_uart/generate_rtl.pl --name=audio_nios_jtag_uart --dir=/tmp/alt9690_7405628964823318017.dir/0027_jtag_uart_gen/ --quartus_dir=/home/soc/intelFPGA_lite/18.1/quartus --verilog --config=/tmp/alt9690_7405628964823318017.dir/0027_jtag_uart_gen//audio_nios_jtag_uart_component_configuration.pl  --do_build_sim=0  ]
Info: jtag_uart: Done RTL generation for module 'audio_nios_jtag_uart'
Info: jtag_uart: "audio_nios" instantiated altera_avalon_jtag_uart "jtag_uart"
Info: nios2_gen2_0: "audio_nios" instantiated altera_nios2_gen2 "nios2_gen2_0"
Info: nios2_gen_0: "audio_nios" instantiated altera_nios2_gen2 "nios2_gen_0"
Info: onchip_memory2: Starting RTL generation for module 'audio_nios_onchip_memory2'
Info: onchip_memory2:   Generation command is [exec /home/soc/intelFPGA_lite/18.1/quartus/linux64/perl/bin/perl -I /home/soc/intelFPGA_lite/18.1/quartus/linux64/perl/lib -I /home/soc/intelFPGA_lite/18.1/quartus/sopc_builder/bin/europa -I /home/soc/intelFPGA_lite/18.1/quartus/sopc_builder/bin/perl_lib -I /home/soc/intelFPGA_lite/18.1/quartus/sopc_builder/bin -I /home/soc/intelFPGA_lite/18.1/quartus/../ip/altera/sopc_builder_ip/common -I /home/soc/intelFPGA_lite/18.1/quartus/../ip/altera/sopc_builder_ip/altera_avalon_onchip_memory2 -- /home/soc/intelFPGA_lite/18.1/quartus/../ip/altera/sopc_builder_ip/altera_avalon_onchip_memory2/generate_rtl.pl --name=audio_nios_onchip_memory2 --dir=/tmp/alt9690_7405628964823318017.dir/0028_onchip_memory2_gen/ --quartus_dir=/home/soc/intelFPGA_lite/18.1/quartus --verilog --config=/tmp/alt9690_7405628964823318017.dir/0028_onchip_memory2_gen//audio_nios_onchip_memory2_component_configuration.pl  --do_build_sim=0  ]
Info: onchip_memory2: Done RTL generation for module 'audio_nios_onchip_memory2'
Info: onchip_memory2: "audio_nios" instantiated altera_avalon_onchip_memory2 "onchip_memory2"
Info: onchip_memory_0: Starting RTL generation for module 'audio_nios_onchip_memory_0'
Info: onchip_memory_0:   Generation command is [exec /home/soc/intelFPGA_lite/18.1/quartus/linux64/perl/bin/perl -I /home/soc/intelFPGA_lite/18.1/quartus/linux64/perl/lib -I /home/soc/intelFPGA_lite/18.1/quartus/sopc_builder/bin/europa -I /home/soc/intelFPGA_lite/18.1/quartus/sopc_builder/bin/perl_lib -I /home/soc/intelFPGA_lite/18.1/quartus/sopc_builder/bin -I /home/soc/intelFPGA_lite/18.1/quartus/../ip/altera/sopc_builder_ip/common -I /home/soc/intelFPGA_lite/18.1/quartus/../ip/altera/sopc_builder_ip/altera_avalon_onchip_memory2 -- /home/soc/intelFPGA_lite/18.1/quartus/../ip/altera/sopc_builder_ip/altera_avalon_onchip_memory2/generate_rtl.pl --name=audio_nios_onchip_memory_0 --dir=/tmp/alt9690_7405628964823318017.dir/0029_onchip_memory_0_gen/ --quartus_dir=/home/soc/intelFPGA_lite/18.1/quartus --verilog --config=/tmp/alt9690_7405628964823318017.dir/0029_onchip_memory_0_gen//audio_nios_onchip_memory_0_component_configuration.pl  --do_build_sim=0  ]
Info: onchip_memory_0: Done RTL generation for module 'audio_nios_onchip_memory_0'
Info: onchip_memory_0: "audio_nios" instantiated altera_avalon_onchip_memory2 "onchip_memory_0"
Info: avalon_st_adapter: Inserting error_adapter: error_adapter_0
Info: avalon_st_adapter_001: Inserting error_adapter: error_adapter_0
Info: avalon_st_adapter_002: Inserting error_adapter: error_adapter_0
Info: avalon_st_adapter_003: Inserting error_adapter: error_adapter_0
Info: avalon_st_adapter_004: Inserting error_adapter: error_adapter_0
Info: mm_interconnect_0: "audio_nios" instantiated altera_mm_interconnect "mm_interconnect_0"
Info: irq_mapper: "audio_nios" instantiated altera_irq_mapper "irq_mapper"
Info: rst_controller: "audio_nios" instantiated altera_reset_controller "rst_controller"
Info: cpu: Starting RTL generation for module 'audio_nios_nios2_gen2_0_cpu'
Info: cpu:   Generation command is [exec /home/soc/intelFPGA_lite/18.1/quartus/linux64//eperlcmd -I /home/soc/intelFPGA_lite/18.1/quartus/linux64//perl/lib -I /home/soc/intelFPGA_lite/18.1/quartus/sopc_builder/bin/europa -I /home/soc/intelFPGA_lite/18.1/quartus/sopc_builder/bin/perl_lib -I /home/soc/intelFPGA_lite/18.1/quartus/sopc_builder/bin -I /home/soc/intelFPGA_lite/18.1/quartus/../ip/altera/nios2_ip/altera_nios2_gen2/cpu_lib -I /home/soc/intelFPGA_lite/18.1/quartus/../ip/altera/nios2_ip/altera_nios2_gen2/nios_lib -I /home/soc/intelFPGA_lite/18.1/quartus/../ip/altera/nios2_ip/altera_nios2_gen2 -I /home/soc/intelFPGA_lite/18.1/quartus/../ip/altera/nios2_ip/altera_nios2_gen2 -- /home/soc/intelFPGA_lite/18.1/quartus/../ip/altera/nios2_ip/altera_nios2_gen2/generate_rtl.epl --name=audio_nios_nios2_gen2_0_cpu --dir=/tmp/alt9690_7405628964823318017.dir/0032_cpu_gen/ --quartus_bindir=/home/soc/intelFPGA_lite/18.1/quartus/linux64/ --verilog --config=/tmp/alt9690_7405628964823318017.dir/0032_cpu_gen//audio_nios_nios2_gen2_0_cpu_processor_configuration.pl  --do_build_sim=0  ]
Info: cpu: # 2023.11.29 18:14:34 (*) Starting Nios II generation
Info: cpu: # 2023.11.29 18:14:34 (*)   Checking for plaintext license.
Info: cpu: # 2023.11.29 18:14:35 (*)   Couldn't query license setup in Quartus directory /home/soc/intelFPGA_lite/18.1/quartus/linux64/
Info: cpu: # 2023.11.29 18:14:35 (*)   Defaulting to contents of LM_LICENSE_FILE environment variable
Info: cpu: # 2023.11.29 18:14:35 (*)   LM_LICENSE_FILE environment variable is empty
Info: cpu: # 2023.11.29 18:14:35 (*)   Plaintext license not found.
Info: cpu: # 2023.11.29 18:14:35 (*)   Checking for encrypted license (non-evaluation).
Info: cpu: # 2023.11.29 18:14:36 (*)   Couldn't query license setup in Quartus directory /home/soc/intelFPGA_lite/18.1/quartus/linux64/
Info: cpu: # 2023.11.29 18:14:36 (*)   Defaulting to contents of LM_LICENSE_FILE environment variable
Info: cpu: # 2023.11.29 18:14:36 (*)   LM_LICENSE_FILE environment variable is empty
Info: cpu: # 2023.11.29 18:14:36 (*)   Encrypted license not found.  Defaulting to OCP evaluation license (produces a time-limited SOF)
Info: cpu: # 2023.11.29 18:14:36 (*)   Elaborating CPU configuration settings
Info: cpu: # 2023.11.29 18:14:36 (*)   Creating all objects for CPU
Info: cpu: # 2023.11.29 18:14:36 (*)     Testbench
Info: cpu: # 2023.11.29 18:14:36 (*)     Instruction decoding
Info: cpu: # 2023.11.29 18:14:36 (*)       Instruction fields
Info: cpu: # 2023.11.29 18:14:36 (*)       Instruction decodes
Info: cpu: # 2023.11.29 18:14:37 (*)       Signals for RTL simulation waveforms
Info: cpu: # 2023.11.29 18:14:37 (*)       Instruction controls
Info: cpu: # 2023.11.29 18:14:37 (*)     Pipeline frontend
Info: cpu: # 2023.11.29 18:14:37 (*)     Pipeline backend
Info: cpu: # 2023.11.29 18:14:41 (*)   Generating RTL from CPU objects
Info: cpu: # 2023.11.29 18:14:44 (*)   Creating encrypted RTL
Info: cpu: # 2023.11.29 18:14:46 (*) Done Nios II generation
Info: cpu: Done RTL generation for module 'audio_nios_nios2_gen2_0_cpu'
Info: cpu: "nios2_gen2_0" instantiated altera_nios2_gen2_unit "cpu"
Info: cpu: Starting RTL generation for module 'audio_nios_nios2_gen_0_cpu'
Info: cpu:   Generation command is [exec /home/soc/intelFPGA_lite/18.1/quartus/linux64//eperlcmd -I /home/soc/intelFPGA_lite/18.1/quartus/linux64//perl/lib -I /home/soc/intelFPGA_lite/18.1/quartus/sopc_builder/bin/europa -I /home/soc/intelFPGA_lite/18.1/quartus/sopc_builder/bin/perl_lib -I /home/soc/intelFPGA_lite/18.1/quartus/sopc_builder/bin -I /home/soc/intelFPGA_lite/18.1/quartus/../ip/altera/nios2_ip/altera_nios2_gen2/cpu_lib -I /home/soc/intelFPGA_lite/18.1/quartus/../ip/altera/nios2_ip/altera_nios2_gen2/nios_lib -I /home/soc/intelFPGA_lite/18.1/quartus/../ip/altera/nios2_ip/altera_nios2_gen2 -I /home/soc/intelFPGA_lite/18.1/quartus/../ip/altera/nios2_ip/altera_nios2_gen2 -- /home/soc/intelFPGA_lite/18.1/quartus/../ip/altera/nios2_ip/altera_nios2_gen2/generate_rtl.epl --name=audio_nios_nios2_gen_0_cpu --dir=/tmp/alt9690_7405628964823318017.dir/0033_cpu_gen/ --quartus_bindir=/home/soc/intelFPGA_lite/18.1/quartus/linux64/ --verilog --config=/tmp/alt9690_7405628964823318017.dir/0033_cpu_gen//audio_nios_nios2_gen_0_cpu_processor_configuration.pl  --do_build_sim=0  ]
Info: cpu: # 2023.11.29 18:14:46 (*) Starting Nios II generation
Info: cpu: # 2023.11.29 18:14:46 (*)   Checking for plaintext license.
Info: cpu: # 2023.11.29 18:14:47 (*)   Couldn't query license setup in Quartus directory /home/soc/intelFPGA_lite/18.1/quartus/linux64/
Info: cpu: # 2023.11.29 18:14:47 (*)   Defaulting to contents of LM_LICENSE_FILE environment variable
Info: cpu: # 2023.11.29 18:14:47 (*)   LM_LICENSE_FILE environment variable is empty
Info: cpu: # 2023.11.29 18:14:47 (*)   Plaintext license not found.
Info: cpu: # 2023.11.29 18:14:47 (*)   Checking for encrypted license (non-evaluation).
Info: cpu: # 2023.11.29 18:14:48 (*)   Couldn't query license setup in Quartus directory /home/soc/intelFPGA_lite/18.1/quartus/linux64/
Info: cpu: # 2023.11.29 18:14:48 (*)   Defaulting to contents of LM_LICENSE_FILE environment variable
Info: cpu: # 2023.11.29 18:14:48 (*)   LM_LICENSE_FILE environment variable is empty
Info: cpu: # 2023.11.29 18:14:48 (*)   Encrypted license not found.  Defaulting to OCP evaluation license (produces a time-limited SOF)
Info: cpu: # 2023.11.29 18:14:48 (*)   Elaborating CPU configuration settings
Info: cpu: # 2023.11.29 18:14:48 (*)   Creating all objects for CPU
Info: cpu: # 2023.11.29 18:14:48 (*)     Testbench
Info: cpu: # 2023.11.29 18:14:48 (*)     Instruction decoding
Info: cpu: # 2023.11.29 18:14:48 (*)       Instruction fields
Info: cpu: # 2023.11.29 18:14:49 (*)       Instruction decodes
Info: cpu: # 2023.11.29 18:14:49 (*)       Signals for RTL simulation waveforms
Info: cpu: # 2023.11.29 18:14:49 (*)       Instruction controls
Info: cpu: # 2023.11.29 18:14:49 (*)     Pipeline frontend
Info: cpu: # 2023.11.29 18:14:49 (*)     Pipeline backend
Info: cpu: # 2023.11.29 18:14:53 (*)   Generating RTL from CPU objects
Info: cpu: # 2023.11.29 18:14:55 (*)   Creating encrypted RTL
Info: cpu: # 2023.11.29 18:14:57 (*) Done Nios II generation
Info: cpu: Done RTL generation for module 'audio_nios_nios2_gen_0_cpu'
Info: cpu: "nios2_gen_0" instantiated altera_nios2_gen2_unit "cpu"
Info: nios2_gen2_0_data_master_translator: "mm_interconnect_0" instantiated altera_merlin_master_translator "nios2_gen2_0_data_master_translator"
Info: jtag_uart_avalon_jtag_slave_translator: "mm_interconnect_0" instantiated altera_merlin_slave_translator "jtag_uart_avalon_jtag_slave_translator"
Info: nios2_gen2_0_data_master_agent: "mm_interconnect_0" instantiated altera_merlin_master_agent "nios2_gen2_0_data_master_agent"
Info: jtag_uart_avalon_jtag_slave_agent: "mm_interconnect_0" instantiated altera_merlin_slave_agent "jtag_uart_avalon_jtag_slave_agent"
Info: jtag_uart_avalon_jtag_slave_agent_rsp_fifo: "mm_interconnect_0" instantiated altera_avalon_sc_fifo "jtag_uart_avalon_jtag_slave_agent_rsp_fifo"
Info: router: "mm_interconnect_0" instantiated altera_merlin_router "router"
Info: router_001: "mm_interconnect_0" instantiated altera_merlin_router "router_001"
Info: router_004: "mm_interconnect_0" instantiated altera_merlin_router "router_004"
Info: router_005: "mm_interconnect_0" instantiated altera_merlin_router "router_005"
Info: router_008: "mm_interconnect_0" instantiated altera_merlin_router "router_008"
Info: nios2_gen2_0_data_master_limiter: "mm_interconnect_0" instantiated altera_merlin_traffic_limiter "nios2_gen2_0_data_master_limiter"
Info: Reusing file /media/soc/new/DE10-Standard-v.1.3.0-SystemCD/Demonstration/FPGA/Audio_Filter-NIOS/DE10_Standard_Audio_2/audio_nios/synthesis/submodules/altera_avalon_sc_fifo.v
Info: cmd_demux: "mm_interconnect_0" instantiated altera_merlin_demultiplexer "cmd_demux"
Info: cmd_mux: "mm_interconnect_0" instantiated altera_merlin_multiplexer "cmd_mux"
Info: cmd_mux_001: "mm_interconnect_0" instantiated altera_merlin_multiplexer "cmd_mux_001"
Info: Reusing file /media/soc/new/DE10-Standard-v.1.3.0-SystemCD/Demonstration/FPGA/Audio_Filter-NIOS/DE10_Standard_Audio_2/audio_nios/synthesis/submodules/altera_merlin_arbitrator.sv
Info: rsp_demux: "mm_interconnect_0" instantiated altera_merlin_demultiplexer "rsp_demux"
Info: rsp_demux_001: "mm_interconnect_0" instantiated altera_merlin_demultiplexer "rsp_demux_001"
Info: rsp_mux: "mm_interconnect_0" instantiated altera_merlin_multiplexer "rsp_mux"
Info: Reusing file /media/soc/new/DE10-Standard-v.1.3.0-SystemCD/Demonstration/FPGA/Audio_Filter-NIOS/DE10_Standard_Audio_2/audio_nios/synthesis/submodules/altera_merlin_arbitrator.sv
Info: avalon_st_adapter: "mm_interconnect_0" instantiated altera_avalon_st_adapter "avalon_st_adapter"
Info: error_adapter_0: "avalon_st_adapter" instantiated error_adapter "error_adapter_0"
Info: audio_nios: Done "audio_nios" with 30 modules, 64 files
Info: qsys-generate succeeded.
Info: Finished: Create HDL design files for synthesis
