17:52:41 **** Incremental Build of configuration Nios II for project DE10_Standard_Audio ****
make all 
Info: Building ../DE10_Standard_Audio_bsp/
make --no-print-directory -C ../DE10_Standard_Audio_bsp/
[BSP build complete]
Info: Compiling main.c to obj/default/main.o
nios2-elf-gcc -xc -MP -MMD -c -I../DE10_Standard_Audio_bsp//HAL/inc -I../DE10_Standard_Audio_bsp/ -I../DE10_Standard_Audio_bsp//drivers/inc  -pipe -D__hal__ -DALT_NO_INSTRUCTION_EMULATION -DALT_SINGLE_THREADED    -O0 -g -Wall   -mno-hw-div -mhw-mul -mno-hw-mulx -mgpopt=global  -o obj/default/main.o main.c
main.c: In function 'button_monitor_start':
main.c:170:22: warning: implicit declaration of function 'alt_irq_register' [-Wimplicit-function-declaration]
     if (bSuccess && (alt_irq_register(KEY_IRQ, (void *)pPressedMask, button_monitor_isr) != 0)){
                      ^
main.c: In function 'main':
main.c:465:26: warning: unused variable 'bZeroCross' [-Wunused-variable]
                     bool bZeroCross = ui_is_dac_zero_cross();
                          ^
main.c:501:42: warning: pointer targets in passing argument 1 of 'AUDIO_AdcFifoGetData' differ in signedness [-Wpointer-sign]
                     AUDIO_AdcFifoGetData(&ch_left, &ch_right);
                                          ^
In file included from main.c:66:0:
AUDIO.h:88:6: note: expected 'short int *' but argument is of type 'alt_u16 * {aka short unsigned int *}'
 void AUDIO_AdcFifoGetData(short *pch_left, short *pch_right);
      ^
main.c:501:52: warning: pointer targets in passing argument 2 of 'AUDIO_AdcFifoGetData' differ in signedness [-Wpointer-sign]
                     AUDIO_AdcFifoGetData(&ch_left, &ch_right);
                                                    ^
In file included from main.c:66:0:
AUDIO.h:88:6: note: expected 'short int *' but argument is of type 'alt_u16 * {aka short unsigned int *}'
 void AUDIO_AdcFifoGetData(short *pch_left, short *pch_right);
      ^
main.c:490:22: warning: unused variable 'pram0' [-Wunused-variable]
                 int *pram0 = (int *) ONCHIP_MEMORY2_BASE;
                      ^
main.c:561:25: warning: unused variable 'size' [-Wunused-variable]
                     int size = MAX_FLT_LEN;
                         ^
main.c:431:9: warning: unused variable 'lugar' [-Wunused-variable]
     int lugar = 0;
         ^
main.c:420:12: warning: variable 'final' set but not used [-Wunused-but-set-variable]
     double final = 0;
            ^
main.c:419:9: warning: unused variable 'vector_out' [-Wunused-variable]
     int vector_out[MAX_FLT_LEN];
         ^
main.c:417:12: warning: unused variable 'floatOutput' [-Wunused-variable]
     double floatOutput[1024];
            ^
main.c:416:12: warning: variable 'tudo_meio' set but not used [-Wunused-but-set-variable]
     double tudo_meio[2000];
            ^
main.c:415:12: warning: variable 'tudo' set but not used [-Wunused-but-set-variable]
     double tudo[2000];
            ^
main.c:414:12: warning: unused variable 'floatInput' [-Wunused-variable]
     double floatInput[MAX_FLT_LEN];
            ^
main.c: In function 'convolve':
main.c:406:23: warning: 'i' may be used uninitialized in this function [-Wmaybe-uninitialized]
                 if (i - j >= 0) {
                       ^
Info: Linking DE10_Standard_Audio.elf
nios2-elf-g++  -T'../DE10_Standard_Audio_bsp//linker.x' -msys-crt0='../DE10_Standard_Audio_bsp//obj/HAL/src/crt0.o' -msys-lib=hal_bsp -L../DE10_Standard_Audio_bsp/   -Wl,-Map=DE10_Standard_Audio.map   -O0 -g -Wall   -mno-hw-div -mhw-mul -mno-hw-mulx -mgpopt=global  -o DE10_Standard_Audio.elf obj/default/AUDIO.o obj/default/I2C.o obj/default/LED.o obj/default/SEG7.o obj/default/debug.o obj/default/main.o -lm -msys-lib=m
nios2-elf-insert DE10_Standard_Audio.elf --thread_model hal --cpu_name nios2_gen2_0 --qsys true --simulation_enabled false --id 0 --sidp 0x5101048 --timestamp 1699384093 --stderr_dev jtag_uart --stdin_dev jtag_uart --stdout_dev jtag_uart --sopc_system_name audio_nios --quartus_project_dir "/media/soc/new/DE10-Standard-v.1.3.0-SystemCD/Demonstration/FPGA/Audio_Filter-NIOS/DE10_Standard_Audio" --jdi ../..//output_files/DE10_Standard_Audio.jdi --sopcinfo /media/soc/new/DE10-Standard-v.1.3.0-SystemCD/Demonstration/FPGA/Audio_Filter-NIOS/DE10_Standard_Audio/software/DE10_Standard_Audio_bsp/../../audio_nios.sopcinfo
bash: line 0: igncr: invalid option name
Info: (DE10_Standard_Audio.elf) 97 KBytes program size (code + initialized data).
Info:                           207 KBytes free for stack + heap.
Info: Creating DE10_Standard_Audio.objdump
nios2-elf-objdump --disassemble --syms --all-header --source DE10_Standard_Audio.elf >DE10_Standard_Audio.objdump
[DE10_Standard_Audio build complete]

17:52:43 Build Finished (took 1s.552ms)

