Flow report for DE10_Standard_Audio
Wed Nov 29 21:46:43 2023
Quartus Prime Version 18.1.0 Build 625 09/12/2018 SJ Lite Edition


---------------------
; Table of Contents ;
---------------------
  1. Legal Notice
  2. Flow Summary
  3. Flow Settings
  4. Flow Non-Default Global Settings
  5. Flow Elapsed Time
  6. Flow OS Summary
  7. Flow Log
  8. Flow Messages
  9. Flow Suppressed Messages



----------------
; Legal Notice ;
----------------
Copyright (C) 2018  Intel Corporation. All rights reserved.
Your use of Intel Corporation's design tools, logic functions 
and other software and tools, and its AMPP partner logic 
functions, and any output files from any of the foregoing 
(including device programming or simulation files), and any 
associated documentation or information are expressly subject 
to the terms and conditions of the Intel Program License 
Subscription Agreement, the Intel Quartus Prime License Agreement,
the Intel FPGA IP License Agreement, or other applicable license
agreement, including, without limitation, that your use is for
the sole purpose of programming logic devices manufactured by
Intel and sold by Intel or its authorized distributors.  Please
refer to the applicable agreement for further details.



+-------------------------------------------------------------------------------+
; Flow Summary                                                                  ;
+---------------------------------+---------------------------------------------+
; Flow Status                     ; Successful - Wed Nov 29 21:46:12 2023       ;
; Quartus Prime Version           ; 18.1.0 Build 625 09/12/2018 SJ Lite Edition ;
; Revision Name                   ; DE10_Standard_Audio                         ;
; Top-level Entity Name           ; DE10_Standard_Audio                         ;
; Family                          ; Cyclone V                                   ;
; Device                          ; 5CSXFC6D6F31C6                              ;
; Timing Models                   ; Final                                       ;
; Logic utilization (in ALMs)     ; 3,088 / 41,910 ( 7 % )                      ;
; Total registers                 ; 3818                                        ;
; Total pins                      ; 168 / 499 ( 34 % )                          ;
; Total virtual pins              ; 0                                           ;
; Total block memory bits         ; 2,687,104 / 5,662,720 ( 47 % )              ;
; Total DSP Blocks                ; 6 / 112 ( 5 % )                             ;
; Total HSSI RX PCSs              ; 0 / 9 ( 0 % )                               ;
; Total HSSI PMA RX Deserializers ; 0 / 9 ( 0 % )                               ;
; Total HSSI TX PCSs              ; 0 / 9 ( 0 % )                               ;
; Total HSSI PMA TX Serializers   ; 0 / 9 ( 0 % )                               ;
; Total PLLs                      ; 0 / 15 ( 0 % )                              ;
; Total DLLs                      ; 0 / 4 ( 0 % )                               ;
+---------------------------------+---------------------------------------------+


+-----------------------------------------+
; Flow Settings                           ;
+-------------------+---------------------+
; Option            ; Setting             ;
+-------------------+---------------------+
; Start date & time ; 11/29/2023 21:40:14 ;
; Main task         ; Compilation         ;
; Revision Name     ; DE10_Standard_Audio ;
+-------------------+---------------------+


+------------------------------------------------------------------------------------------------------------------------------------------------+
; Flow Non-Default Global Settings                                                                                                               ;
+--------------------------------------+--------------------------------------------------------------+---------------+-------------+------------+
; Assignment Name                      ; Value                                                        ; Default Value ; Entity Name ; Section Id ;
+--------------------------------------+--------------------------------------------------------------+---------------+-------------+------------+
; COMPILER_SIGNATURE_ID                ; 8796751001449.170130481402798                                ; --            ; --          ; --         ;
; FITTER_EFFORT                        ; Standard Fit                                                 ; Auto Fit      ; --          ; --         ;
; MAX_CORE_JUNCTION_TEMP               ; 85                                                           ; --            ; --          ; --         ;
; MIN_CORE_JUNCTION_TEMP               ; 0                                                            ; --            ; --          ; --         ;
; MISC_FILE                            ; audio_nios/synthesis/../audio_nios.cmp                       ; --            ; --          ; --         ;
; MISC_FILE                            ; audio_nios/synthesis/../../audio_nios.qsys                   ; --            ; --          ; --         ;
; MUX_RESTRUCTURE                      ; Off                                                          ; Auto          ; --          ; --         ;
; OPTIMIZATION_MODE                    ; Aggressive Performance                                       ; Balanced      ; --          ; --         ;
; OPTIMIZATION_TECHNIQUE               ; Speed                                                        ; Balanced      ; --          ; --         ;
; PARTITION_COLOR                      ; -- (Not supported for targeted family)                       ; --            ; --          ; Top        ;
; PARTITION_FITTER_PRESERVATION_LEVEL  ; -- (Not supported for targeted family)                       ; --            ; --          ; Top        ;
; PARTITION_NETLIST_TYPE               ; -- (Not supported for targeted family)                       ; --            ; --          ; Top        ;
; PHYSICAL_SYNTHESIS_COMBO_LOGIC       ; On                                                           ; Off           ; --          ; --         ;
; PHYSICAL_SYNTHESIS_REGISTER_RETIMING ; On                                                           ; Off           ; --          ; --         ;
; PLACEMENT_EFFORT_MULTIPLIER          ; 4.0                                                          ; 1.0           ; --          ; --         ;
; POWER_BOARD_THERMAL_MODEL            ; None (CONSERVATIVE)                                          ; --            ; --          ; --         ;
; POWER_PRESET_COOLING_SOLUTION        ; 23 MM HEAT SINK WITH 200 LFPM AIRFLOW                        ; --            ; --          ; --         ;
; PROJECT_OUTPUT_DIRECTORY             ; output_files                                                 ; --            ; --          ; --         ;
; ROUTER_TIMING_OPTIMIZATION_LEVEL     ; MAXIMUM                                                      ; Normal        ; --          ; --         ;
; SLD_FILE                             ; audio_nios/synthesis/audio_nios.regmap                       ; --            ; --          ; --         ;
; SLD_FILE                             ; audio_nios/synthesis/audio_nios.debuginfo                    ; --            ; --          ; --         ;
; SLD_INFO                             ; QSYS_NAME audio_nios HAS_SOPCINFO 1 GENERATION_ID 1701304380 ; --            ; audio_nios  ; --         ;
; SOPCINFO_FILE                        ; audio_nios/synthesis/../../audio_nios.sopcinfo               ; --            ; --          ; --         ;
; SYNTHESIS_ONLY_QIP                   ; On                                                           ; --            ; --          ; --         ;
+--------------------------------------+--------------------------------------------------------------+---------------+-------------+------------+


+--------------------------------------------------------------------------------------------------------------------------+
; Flow Elapsed Time                                                                                                        ;
+----------------------+--------------+-------------------------+---------------------+------------------------------------+
; Module Name          ; Elapsed Time ; Average Processors Used ; Peak Virtual Memory ; Total CPU Time (on all processors) ;
+----------------------+--------------+-------------------------+---------------------+------------------------------------+
; Analysis & Synthesis ; 00:01:49     ; 1.0                     ; 1303 MB             ; 00:02:14                           ;
; Fitter               ; 00:03:45     ; 1.2                     ; 2542 MB             ; 00:06:14                           ;
; Assembler            ; 00:00:14     ; 1.0                     ; 1069 MB             ; 00:00:13                           ;
; Timing Analyzer      ; 00:00:30     ; 2.1                     ; 1356 MB             ; 00:00:53                           ;
; Total                ; 00:06:18     ; --                      ; --                  ; 00:09:34                           ;
+----------------------+--------------+-------------------------+---------------------+------------------------------------+


+----------------------------------------------------------------------------------------+
; Flow OS Summary                                                                        ;
+----------------------+------------------+----------------+------------+----------------+
; Module Name          ; Machine Hostname ; OS Name        ; OS Version ; Processor type ;
+----------------------+------------------+----------------+------------+----------------+
; Analysis & Synthesis ; soc-VirtualBox   ; Ubuntu 18.04.6 ; 18         ; x86_64         ;
; Fitter               ; soc-VirtualBox   ; Ubuntu 18.04.6 ; 18         ; x86_64         ;
; Assembler            ; soc-VirtualBox   ; Ubuntu 18.04.6 ; 18         ; x86_64         ;
; Timing Analyzer      ; soc-VirtualBox   ; Ubuntu 18.04.6 ; 18         ; x86_64         ;
+----------------------+------------------+----------------+------------+----------------+


------------
; Flow Log ;
------------
quartus_map --read_settings_files=on --write_settings_files=off DE10_Standard_Audio -c DE10_Standard_Audio
quartus_fit --read_settings_files=off --write_settings_files=off DE10_Standard_Audio -c DE10_Standard_Audio
quartus_asm --read_settings_files=off --write_settings_files=off DE10_Standard_Audio -c DE10_Standard_Audio
quartus_sta DE10_Standard_Audio -c DE10_Standard_Audio



